2021/10/06 12:00:35 [notice] 1#1: using the "epoll" event method
2021/10/06 12:00:35 [notice] 1#1: nginx/1.21.1
2021/10/06 12:00:35 [notice] 1#1: built by gcc 8.3.0 (Debian 8.3.0-6) 
2021/10/06 12:00:35 [notice] 1#1: OS: Linux 5.10.25-linuxkit
2021/10/06 12:00:35 [notice] 1#1: getrlimit(RLIMIT_NOFILE): 1048576:1048576
2021/10/06 12:00:35 [notice] 1#1: start worker processes
2021/10/06 12:00:35 [notice] 1#1: start worker process 32
2021/10/06 12:00:35 [notice] 1#1: start worker process 33
2021/10/06 12:00:35 [notice] 1#1: start worker process 34
2021/10/06 12:00:35 [notice] 1#1: start worker process 35
2021/10/06 12:08:39 [notice] 1#1: signal 3 (SIGQUIT) received, shutting down
2021/10/06 12:08:39 [notice] 33#33: gracefully shutting down
2021/10/06 12:08:39 [notice] 33#33: exiting
2021/10/06 12:08:39 [notice] 34#34: gracefully shutting down
2021/10/06 12:08:39 [notice] 34#34: exiting
2021/10/06 12:08:39 [notice] 32#32: gracefully shutting down
2021/10/06 12:08:39 [notice] 35#35: gracefully shutting down
2021/10/06 12:08:39 [notice] 33#33: exit
2021/10/06 12:08:39 [notice] 34#34: exit
2021/10/06 12:08:39 [notice] 35#35: exiting
2021/10/06 12:08:39 [notice] 35#35: exit
2021/10/06 12:08:39 [notice] 1#1: signal 17 (SIGCHLD) received from 33
2021/10/06 12:08:39 [notice] 1#1: worker process 33 exited with code 0
2021/10/06 12:08:39 [notice] 1#1: signal 29 (SIGIO) received
2021/10/06 12:08:39 [notice] 1#1: signal 17 (SIGCHLD) received from 35
2021/10/06 12:08:39 [notice] 1#1: worker process 35 exited with code 0
2021/10/06 12:08:39 [notice] 1#1: signal 29 (SIGIO) received
2021/10/06 12:08:39 [notice] 1#1: signal 17 (SIGCHLD) received from 34
2021/10/06 12:08:39 [notice] 1#1: worker process 34 exited with code 0
2021/10/06 12:08:39 [notice] 1#1: signal 29 (SIGIO) received
2021/10/06 12:08:51 [emerg] 1#1: unknown directive "proxy_pass"" in /etc/nginx/nginx.conf:38
2021/10/06 12:10:44 [emerg] 1#1: unknown directive "proxy_pass"" in /etc/nginx/nginx.conf:38
2021/10/06 12:11:02 [emerg] 1#1: unknown directive "proxy_pass"" in /etc/nginx/nginx.conf:38
2021/10/06 12:12:20 [emerg] 1#1: unexpected ";" in /etc/nginx/nginx.conf:40
2021/10/06 12:13:16 [emerg] 1#1: unexpected ";" in /etc/nginx/nginx.conf:40
2021/10/06 12:14:32 [emerg] 1#1: unexpected ";" in /etc/nginx/nginx.conf:41
2021/10/06 12:14:38 [emerg] 1#1: unexpected ";" in /etc/nginx/nginx.conf:41
2021/10/06 12:14:50 [notice] 1#1: using the "epoll" event method
2021/10/06 12:14:50 [notice] 1#1: nginx/1.21.1
2021/10/06 12:14:50 [notice] 1#1: built by gcc 8.3.0 (Debian 8.3.0-6) 
2021/10/06 12:14:50 [notice] 1#1: OS: Linux 5.10.25-linuxkit
2021/10/06 12:14:50 [notice] 1#1: getrlimit(RLIMIT_NOFILE): 1048576:1048576
2021/10/06 12:14:50 [notice] 1#1: start worker processes
2021/10/06 12:14:50 [notice] 1#1: start worker process 25
2021/10/06 12:14:50 [notice] 1#1: start worker process 26
2021/10/06 12:14:50 [notice] 1#1: start worker process 27
2021/10/06 12:14:50 [notice] 1#1: start worker process 28
2021/10/06 12:35:56 [notice] 1#1: signal 3 (SIGQUIT) received, shutting down
2021/10/06 12:35:56 [notice] 27#27: gracefully shutting down
2021/10/06 12:35:56 [notice] 27#27: exiting
2021/10/06 12:35:56 [notice] 25#25: gracefully shutting down
2021/10/06 12:35:56 [notice] 26#26: gracefully shutting down
2021/10/06 12:35:56 [notice] 28#28: gracefully shutting down
2021/10/06 12:35:56 [notice] 27#27: exit
2021/10/06 12:35:56 [notice] 25#25: exiting
2021/10/06 12:35:56 [notice] 28#28: exiting
2021/10/06 12:35:56 [notice] 28#28: exit
2021/10/06 12:35:56 [notice] 25#25: exit
2021/10/06 12:35:56 [notice] 1#1: signal 17 (SIGCHLD) received from 27
2021/10/06 12:35:56 [notice] 1#1: worker process 27 exited with code 0
2021/10/06 12:35:56 [notice] 1#1: signal 29 (SIGIO) received
2021/10/06 12:35:56 [notice] 1#1: signal 17 (SIGCHLD) received from 28
2021/10/06 12:35:56 [notice] 1#1: worker process 28 exited with code 0
2021/10/06 12:35:56 [notice] 1#1: signal 29 (SIGIO) received
2021/10/06 12:35:56 [notice] 1#1: signal 17 (SIGCHLD) received from 25
2021/10/06 12:35:56 [notice] 1#1: worker process 25 exited with code 0
2021/10/06 12:35:56 [notice] 1#1: signal 29 (SIGIO) received
2021/10/06 12:36:08 [notice] 1#1: using the "epoll" event method
2021/10/06 12:36:08 [notice] 1#1: nginx/1.21.1
2021/10/06 12:36:08 [notice] 1#1: built by gcc 8.3.0 (Debian 8.3.0-6) 
2021/10/06 12:36:08 [notice] 1#1: OS: Linux 5.10.25-linuxkit
2021/10/06 12:36:08 [notice] 1#1: getrlimit(RLIMIT_NOFILE): 1048576:1048576
2021/10/06 12:36:08 [notice] 1#1: start worker processes
2021/10/06 12:36:08 [notice] 1#1: start worker process 25
2021/10/06 12:36:08 [notice] 1#1: start worker process 26
2021/10/06 12:36:08 [notice] 1#1: start worker process 27
2021/10/06 12:36:08 [notice] 1#1: start worker process 28
2021/10/06 12:42:48 [notice] 1#1: signal 3 (SIGQUIT) received, shutting down
2021/10/06 12:42:48 [notice] 26#26: gracefully shutting down
2021/10/06 12:42:48 [notice] 26#26: exiting
2021/10/06 12:42:48 [notice] 25#25: gracefully shutting down
2021/10/06 12:42:48 [notice] 25#25: exiting
2021/10/06 12:42:48 [notice] 27#27: gracefully shutting down
2021/10/06 12:42:48 [notice] 27#27: exiting
2021/10/06 12:42:48 [notice] 28#28: gracefully shutting down
2021/10/06 12:42:48 [notice] 26#26: exit
2021/10/06 12:42:48 [notice] 25#25: exit
2021/10/06 12:42:48 [notice] 27#27: exit
2021/10/06 12:42:48 [notice] 28#28: exiting
2021/10/06 12:42:48 [notice] 28#28: exit
2021/10/06 12:42:48 [notice] 1#1: signal 17 (SIGCHLD) received from 25
2021/10/06 12:42:48 [notice] 1#1: worker process 25 exited with code 0
2021/10/06 12:42:48 [notice] 1#1: signal 29 (SIGIO) received
2021/10/06 12:42:48 [notice] 1#1: signal 17 (SIGCHLD) received from 26
2021/10/06 12:42:48 [notice] 1#1: worker process 26 exited with code 0
2021/10/06 12:42:48 [notice] 1#1: signal 29 (SIGIO) received
2021/10/06 12:42:48 [notice] 1#1: signal 17 (SIGCHLD) received from 27
2021/10/06 12:42:48 [notice] 1#1: worker process 27 exited with code 0
2021/10/06 12:42:48 [notice] 1#1: worker process 28 exited with code 0
2021/10/06 12:42:48 [notice] 1#1: exit
2021/10/06 12:42:50 [notice] 1#1: using the "epoll" event method
2021/10/06 12:42:50 [notice] 1#1: nginx/1.21.1
2021/10/06 12:42:50 [notice] 1#1: built by gcc 8.3.0 (Debian 8.3.0-6) 
2021/10/06 12:42:50 [notice] 1#1: OS: Linux 5.10.25-linuxkit
2021/10/06 12:42:50 [notice] 1#1: getrlimit(RLIMIT_NOFILE): 1048576:1048576
2021/10/06 12:42:50 [notice] 1#1: start worker processes
2021/10/06 12:42:50 [notice] 1#1: start worker process 25
2021/10/06 12:42:50 [notice] 1#1: start worker process 26
2021/10/06 12:42:50 [notice] 1#1: start worker process 27
2021/10/06 12:42:50 [notice] 1#1: start worker process 28
2021/10/06 13:00:45 [error] 25#25: *4 open() "/usr/share/nginx/html/favicon.ico" failed (2: No such file or directory), client: 172.17.0.1, server: localhost, request: "GET /favicon.ico HTTP/1.1", host: "localhost", referrer: "http://localhost/"
2021/10/07 11:57:53 [emerg] 36#36: "upstream" directive is not allowed here in /etc/nginx/nginx.conf:13
2021/10/07 11:58:18 [notice] 37#37: signal process started
2021/10/07 11:58:18 [notice] 1#1: signal 1 (SIGHUP) received from 37, reconfiguring
2021/10/07 11:58:18 [notice] 1#1: reconfiguring
2021/10/07 11:58:18 [notice] 1#1: using the "epoll" event method
2021/10/07 11:58:18 [notice] 1#1: start worker processes
2021/10/07 11:58:18 [notice] 1#1: start worker process 38
2021/10/07 11:58:18 [notice] 1#1: start worker process 39
2021/10/07 11:58:18 [notice] 1#1: start worker process 40
2021/10/07 11:58:18 [notice] 1#1: start worker process 41
2021/10/07 11:58:18 [notice] 26#26: gracefully shutting down
2021/10/07 11:58:18 [notice] 27#27: gracefully shutting down
2021/10/07 11:58:18 [notice] 25#25: gracefully shutting down
2021/10/07 11:58:18 [notice] 28#28: gracefully shutting down
2021/10/07 11:58:18 [notice] 26#26: exiting
2021/10/07 11:58:18 [notice] 26#26: exit
2021/10/07 11:58:18 [notice] 27#27: exiting
2021/10/07 11:58:18 [notice] 25#25: exiting
2021/10/07 11:58:18 [notice] 25#25: exit
2021/10/07 11:58:18 [notice] 27#27: exit
2021/10/07 11:58:18 [notice] 28#28: exiting
2021/10/07 11:58:18 [notice] 28#28: exit
2021/10/07 11:58:18 [notice] 1#1: signal 17 (SIGCHLD) received from 26
2021/10/07 11:58:18 [notice] 1#1: worker process 26 exited with code 0
2021/10/07 11:58:18 [notice] 1#1: signal 29 (SIGIO) received
2021/10/07 11:58:18 [notice] 1#1: signal 17 (SIGCHLD) received from 25
2021/10/07 11:58:18 [notice] 1#1: worker process 25 exited with code 0
2021/10/07 11:58:18 [notice] 1#1: signal 29 (SIGIO) received
2021/10/07 11:58:18 [notice] 1#1: signal 17 (SIGCHLD) received from 27
2021/10/07 11:58:18 [notice] 1#1: worker process 27 exited with code 0
2021/10/07 11:58:18 [notice] 1#1: signal 29 (SIGIO) received
2021/10/07 11:58:18 [notice] 1#1: signal 17 (SIGCHLD) received from 28
2021/10/07 11:58:18 [notice] 1#1: worker process 28 exited with code 0
2021/10/07 11:58:18 [notice] 1#1: signal 29 (SIGIO) received
